{"C:\\Bryan\\2º Semestre\\Programação OB\\Aula 01 e 02\\Exercicio\\Util.ts": {"path":"C:\\Bryan\\2º Semestre\\Programação OB\\Aula 01 e 02\\Exercicio\\Util.ts","statementMap":{"0":{"start":{"line":3,"column":8},"end":{"line":3,"column":61}},"1":{"start":{"line":1,"column":0},"end":{"line":1,"column":13}}},"fnMap":{"0":{"name":"(anonymous_0)","decl":{"start":{"line":2,"column":4},"end":{"line":2,"column":10}},"loc":{"start":{"line":2,"column":46},"end":{"line":4,"column":5}}}},"branchMap":{},"s":{"0":74,"1":1},"f":{"0":74},"b":{}}
,"C:\\Bryan\\2º Semestre\\Programação OB\\Aula 01 e 02\\Exercicio\\personagem.ts": {"path":"C:\\Bryan\\2º Semestre\\Programação OB\\Aula 01 e 02\\Exercicio\\personagem.ts","statementMap":{"0":{"start":{"line":1,"column":0},"end":{"line":1,"column":30}},"1":{"start":{"line":8,"column":4},"end":{"line":8,"column":22}},"2":{"start":{"line":9,"column":4},"end":{"line":9,"column":22}},"3":{"start":{"line":10,"column":4},"end":{"line":10,"column":22}},"4":{"start":{"line":11,"column":4},"end":{"line":11,"column":23}},"5":{"start":{"line":12,"column":4},"end":{"line":12,"column":23}},"6":{"start":{"line":13,"column":4},"end":{"line":13,"column":22}},"7":{"start":{"line":14,"column":4},"end":{"line":14,"column":24}},"8":{"start":{"line":15,"column":4},"end":{"line":15,"column":27}},"9":{"start":{"line":16,"column":4},"end":{"line":16,"column":22}},"10":{"start":{"line":17,"column":4},"end":{"line":17,"column":26}},"11":{"start":{"line":18,"column":4},"end":{"line":18,"column":25}},"12":{"start":{"line":21,"column":8},"end":{"line":21,"column":25}},"13":{"start":{"line":22,"column":8},"end":{"line":22,"column":46}},"14":{"start":{"line":23,"column":8},"end":{"line":23,"column":46}},"15":{"start":{"line":24,"column":8},"end":{"line":24,"column":46}},"16":{"start":{"line":25,"column":8},"end":{"line":25,"column":46}},"17":{"start":{"line":26,"column":8},"end":{"line":26,"column":49}},"18":{"start":{"line":27,"column":8},"end":{"line":27,"column":48}},"19":{"start":{"line":28,"column":8},"end":{"line":28,"column":50}},"20":{"start":{"line":29,"column":8},"end":{"line":29,"column":43}},"21":{"start":{"line":30,"column":8},"end":{"line":30,"column":23}},"22":{"start":{"line":31,"column":8},"end":{"line":31,"column":25}},"23":{"start":{"line":34,"column":8},"end":{"line":34,"column":63}},"24":{"start":{"line":35,"column":8},"end":{"line":35,"column":67}},"25":{"start":{"line":37,"column":8},"end":{"line":39,"column":9}},"26":{"start":{"line":38,"column":12},"end":{"line":38,"column":48}},"27":{"start":{"line":42,"column":8},"end":{"line":42,"column":63}},"28":{"start":{"line":43,"column":8},"end":{"line":43,"column":67}},"29":{"start":{"line":45,"column":8},"end":{"line":47,"column":9}},"30":{"start":{"line":46,"column":12},"end":{"line":46,"column":48}},"31":{"start":{"line":50,"column":8},"end":{"line":50,"column":66}},"32":{"start":{"line":51,"column":8},"end":{"line":51,"column":67}},"33":{"start":{"line":53,"column":8},"end":{"line":55,"column":9}},"34":{"start":{"line":54,"column":12},"end":{"line":54,"column":48}},"35":{"start":{"line":58,"column":8},"end":{"line":62,"column":9}},"36":{"start":{"line":59,"column":12},"end":{"line":59,"column":33}},"37":{"start":{"line":61,"column":12},"end":{"line":61,"column":50}},"38":{"start":{"line":3,"column":0},"end":{"line":3,"column":13}}},"fnMap":{"0":{"name":"(anonymous_0)","decl":{"start":{"line":20,"column":4},"end":{"line":20,"column":16}},"loc":{"start":{"line":20,"column":28},"end":{"line":32,"column":5}}},"1":{"name":"(anonymous_1)","decl":{"start":{"line":33,"column":4},"end":{"line":33,"column":17}},"loc":{"start":{"line":33,"column":42},"end":{"line":40,"column":5}}},"2":{"name":"(anonymous_2)","decl":{"start":{"line":41,"column":4},"end":{"line":41,"column":17}},"loc":{"start":{"line":41,"column":42},"end":{"line":48,"column":5}}},"3":{"name":"(anonymous_3)","decl":{"start":{"line":49,"column":4},"end":{"line":49,"column":20}},"loc":{"start":{"line":49,"column":45},"end":{"line":56,"column":5}}},"4":{"name":"(anonymous_4)","decl":{"start":{"line":57,"column":4},"end":{"line":57,"column":13}},"loc":{"start":{"line":57,"column":40},"end":{"line":63,"column":5}}}},"branchMap":{"0":{"loc":{"start":{"line":37,"column":8},"end":{"line":39,"column":9}},"type":"if","locations":[{"start":{"line":37,"column":8},"end":{"line":39,"column":9}}]},"1":{"loc":{"start":{"line":45,"column":8},"end":{"line":47,"column":9}},"type":"if","locations":[{"start":{"line":45,"column":8},"end":{"line":47,"column":9}}]},"2":{"loc":{"start":{"line":53,"column":8},"end":{"line":55,"column":9}},"type":"if","locations":[{"start":{"line":53,"column":8},"end":{"line":55,"column":9}}]},"3":{"loc":{"start":{"line":58,"column":8},"end":{"line":62,"column":9}},"type":"if","locations":[{"start":{"line":58,"column":8},"end":{"line":62,"column":9}},{"start":{"line":60,"column":14},"end":{"line":62,"column":9}}]}},"s":{"0":1,"1":8,"2":8,"3":8,"4":8,"5":8,"6":8,"7":8,"8":8,"9":8,"10":8,"11":8,"12":8,"13":8,"14":8,"15":8,"16":8,"17":8,"18":8,"19":8,"20":8,"21":8,"22":8,"23":3,"24":3,"25":3,"26":1,"27":2,"28":2,"29":2,"30":0,"31":0,"32":0,"33":0,"34":0,"35":3,"36":1,"37":2,"38":1},"f":{"0":8,"1":3,"2":2,"3":0,"4":3},"b":{"0":[1],"1":[0],"2":[0],"3":[1,2]}}
}
