TN:
SF:Util.ts
FN:2,(anonymous_0)
FNF:1
FNH:1
FNDA:74,(anonymous_0)
DA:1,1
DA:3,74
LF:2
LH:2
BRF:0
BRH:0
end_of_record
TN:
SF:personagem.ts
FN:20,(anonymous_0)
FN:33,(anonymous_1)
FN:41,(anonymous_2)
FN:49,(anonymous_3)
FN:57,(anonymous_4)
FNF:5
FNH:4
FNDA:8,(anonymous_0)
FNDA:3,(anonymous_1)
FNDA:2,(anonymous_2)
FNDA:0,(anonymous_3)
FNDA:3,(anonymous_4)
DA:1,1
DA:3,1
DA:8,8
DA:9,8
DA:10,8
DA:11,8
DA:12,8
DA:13,8
DA:14,8
DA:15,8
DA:16,8
DA:17,8
DA:18,8
DA:21,8
DA:22,8
DA:23,8
DA:24,8
DA:25,8
DA:26,8
DA:27,8
DA:28,8
DA:29,8
DA:30,8
DA:31,8
DA:34,3
DA:35,3
DA:37,3
DA:38,1
DA:42,2
DA:43,2
DA:45,2
DA:46,0
DA:50,0
DA:51,0
DA:53,0
DA:54,0
DA:58,3
DA:59,1
DA:61,2
LF:39
LH:34
BRDA:37,0,0,1
BRDA:45,1,0,0
BRDA:53,2,0,0
BRDA:58,3,0,1
BRDA:58,3,1,2
BRF:5
BRH:3
end_of_record
